<?xml version="1.0" encoding="UTF-8"?>
<!-- Generated by org.testng.reporters.JUnitXMLReporter -->
<testsuite hostname="sony-PC" ignored="0" name="ExpediaSearchPage" tests="4" failures="0" timestamp="09 Jun 2017 23:02:33 GMT" time="0.149" errors="0">
  <testcase name="AudiA6" time="0.014" classname="com.expedia.flightsbooking.TestNG_Grouping"/>
  <testcase name="BMW3Series" time="0.003" classname="com.expedia.flightsbooking.TestNG_Grouping"/>
  <testcase name="BMWX3" time="0.005" classname="com.expedia.flightsbooking.TestNG_Grouping"/>
  <testcase name="HondaAccord" time="0.004" classname="com.expedia.flightsbooking.TestNG_Grouping"/>
</testsuite> <!-- ExpediaSearchPage -->
